{"meta": {"format": 3, "version": "7.11.0", "timestamp": "2025-10-20T09:31:34.119306", "branch_coverage": false, "show_contexts": false}, "files": {"src/__init__.py": {"executed_lines": [], "summary": {"covered_lines": 0, "num_statements": 3, "percent_covered": 0.0, "percent_covered_display": "0", "missing_lines": 3, "excluded_lines": 0}, "missing_lines": [7, 18, 29], "excluded_lines": [], "functions": {"": {"executed_lines": [], "summary": {"covered_lines": 0, "num_statements": 3, "percent_covered": 0.0, "percent_covered_display": "0", "missing_lines": 3, "excluded_lines": 0}, "missing_lines": [7, 18, 29], "excluded_lines": []}}, "classes": {"": {"executed_lines": [], "summary": {"covered_lines": 0, "num_statements": 3, "percent_covered": 0.0, "percent_covered_display": "0", "missing_lines": 3, "excluded_lines": 0}, "missing_lines": [7, 18, 29], "excluded_lines": []}}}, "src/feature_serving_api.py": {"executed_lines": [], "summary": {"covered_lines": 0, "num_statements": 74, "percent_covered": 0.0, "percent_covered_display": "0", "missing_lines": 74, "excluded_lines": 0}, "missing_lines": [9, 10, 11, 12, 15, 16, 17, 19, 29, 31, 32, 39, 40, 42, 48, 49, 57, 58, 62, 64, 65, 72, 73, 74, 75, 77, 79, 80, 87, 88, 92, 93, 94, 96, 97, 98, 103, 104, 107, 108, 112, 113, 115, 116, 117, 124, 126, 127, 129, 130, 131, 141, 143, 144, 146, 147, 148, 152, 165, 168, 169, 170, 171, 172, 173, 174, 175, 176, 177, 178, 179, 180, 181, 183], "excluded_lines": [], "functions": {"create_app": {"executed_lines": [], "summary": {"covered_lines": 0, "num_statements": 16, "percent_covered": 0.0, "percent_covered_display": "0", "missing_lines": 16, "excluded_lines": 0}, "missing_lines": [29, 31, 32, 39, 40, 48, 49, 79, 80, 112, 113, 126, 127, 143, 144, 165], "excluded_lines": []}, "create_app.health_check": {"executed_lines": [], "summary": {"covered_lines": 0, "num_statements": 1, "percent_covered": 0.0, "percent_covered_display": "0", "missing_lines": 1, "excluded_lines": 0}, "missing_lines": [42], "excluded_lines": []}, "create_app.get_features": {"executed_lines": [], "summary": {"covered_lines": 0, "num_statements": 10, "percent_covered": 0.0, "percent_covered_display": "0", "missing_lines": 10, "excluded_lines": 0}, "missing_lines": [57, 58, 62, 64, 65, 72, 73, 74, 75, 77], "excluded_lines": []}, "create_app.ingest": {"executed_lines": [], "summary": {"covered_lines": 0, "num_statements": 12, "percent_covered": 0.0, "percent_covered_display": "0", "missing_lines": 12, "excluded_lines": 0}, "missing_lines": [87, 88, 92, 93, 94, 96, 97, 98, 103, 104, 107, 108], "excluded_lines": []}, "create_app.list_groups": {"executed_lines": [], "summary": {"covered_lines": 0, "num_statements": 4, "percent_covered": 0.0, "percent_covered_display": "0", "missing_lines": 4, "excluded_lines": 0}, "missing_lines": [115, 116, 117, 124], "excluded_lines": []}, "create_app.list_all_features": {"executed_lines": [], "summary": {"covered_lines": 0, "num_statements": 4, "percent_covered": 0.0, "percent_covered_display": "0", "missing_lines": 4, "excluded_lines": 0}, "missing_lines": [129, 130, 131, 141], "excluded_lines": []}, "create_app.get_feature_info": {"executed_lines": [], "summary": {"covered_lines": 0, "num_statements": 4, "percent_covered": 0.0, "percent_covered_display": "0", "missing_lines": 4, "excluded_lines": 0}, "missing_lines": [146, 147, 148, 152], "excluded_lines": []}, "": {"executed_lines": [], "summary": {"covered_lines": 0, "num_statements": 23, "percent_covered": 0.0, "percent_covered_display": "0", "missing_lines": 23, "excluded_lines": 0}, "missing_lines": [9, 10, 11, 12, 15, 16, 17, 19, 168, 169, 170, 171, 172, 173, 174, 175, 176, 177, 178, 179, 180, 181, 183], "excluded_lines": []}}, "classes": {"": {"executed_lines": [], "summary": {"covered_lines": 0, "num_statements": 74, "percent_covered": 0.0, "percent_covered_display": "0", "missing_lines": 74, "excluded_lines": 0}, "missing_lines": [9, 10, 11, 12, 15, 16, 17, 19, 29, 31, 32, 39, 40, 42, 48, 49, 57, 58, 62, 64, 65, 72, 73, 74, 75, 77, 79, 80, 87, 88, 92, 93, 94, 96, 97, 98, 103, 104, 107, 108, 112, 113, 115, 116, 117, 124, 126, 127, 129, 130, 131, 141, 143, 144, 146, 147, 148, 152, 165, 168, 169, 170, 171, 172, 173, 174, 175, 176, 177, 178, 179, 180, 181, 183], "excluded_lines": []}}}, "src/feature_store.py": {"executed_lines": [2, 12, 13, 14, 15, 16, 17, 18, 19, 20, 21, 24, 25, 29, 30, 35, 36, 37, 38, 39, 40, 41, 42, 45, 46, 47, 48, 49, 50, 53, 54, 55, 56, 57, 58, 59, 60, 61, 62, 63, 64, 65, 66, 67, 70, 71, 72, 73, 74, 75, 76, 77, 80, 81, 82, 83, 84, 85, 86, 87, 90, 91, 95, 101, 102, 103, 105, 109, 110, 112, 114, 115, 117, 119, 121, 124, 125, 126, 127, 129, 132, 135, 136, 140, 141, 142, 143, 144, 145, 148, 162, 164, 169, 171, 173, 174, 175, 176, 177, 179, 183, 186, 187, 191, 192, 193, 194, 196, 197, 202, 203, 205, 207, 211, 212, 213, 215, 217, 218, 221, 222, 223, 226, 227, 228, 232, 233, 234, 236, 238, 244, 246, 250, 251, 253, 255, 256, 257, 259, 260, 264, 269, 284, 296, 304, 311, 321, 323, 326, 328, 329, 330, 331, 332, 333, 335, 336, 337, 338, 341, 342, 343, 344, 345, 349, 352, 411], "summary": {"covered_lines": 158, "num_statements": 241, "percent_covered": 65.56016597510373, "percent_covered_display": "66", "missing_lines": 83, "excluded_lines": 0}, "missing_lines": [26, 27, 31, 32, 122, 128, 130, 149, 150, 152, 157, 158, 160, 165, 180, 181, 182, 199, 200, 208, 209, 219, 247, 248, 265, 266, 267, 274, 275, 276, 277, 278, 280, 282, 289, 290, 291, 292, 294, 298, 299, 300, 301, 302, 306, 307, 308, 309, 313, 314, 315, 316, 317, 318, 319, 324, 339, 346, 347, 355, 358, 365, 368, 378, 379, 380, 383, 384, 388, 389, 390, 393, 394, 395, 398, 399, 400, 401, 402, 405, 406, 407, 412], "excluded_lines": [], "functions": {"Feature.__init__": {"executed_lines": [101, 102, 103], "summary": {"covered_lines": 3, "num_statements": 3, "percent_covered": 100.0, "percent_covered_display": "100", "missing_lines": 0, "excluded_lines": 0}, "missing_lines": [], "excluded_lines": []}, "Feature.compute": {"executed_lines": [109, 110, 112, 114, 115, 117], "summary": {"covered_lines": 6, "num_statements": 6, "percent_covered": 100.0, "percent_covered_display": "100", "missing_lines": 0, "excluded_lines": 0}, "missing_lines": [], "excluded_lines": []}, "Feature._validate_value": {"executed_lines": [121, 124, 125, 126, 127, 129, 132], "summary": {"covered_lines": 7, "num_statements": 10, "percent_covered": 70.0, "percent_covered_display": "70", "missing_lines": 3, "excluded_lines": 0}, "missing_lines": [122, 128, 130], "excluded_lines": []}, "FeatureGroup.__init__": {"executed_lines": [141, 142, 143, 144, 145, 148], "summary": {"covered_lines": 6, "num_statements": 12, "percent_covered": 50.0, "percent_covered_display": "50", "missing_lines": 6, "excluded_lines": 0}, "missing_lines": [149, 150, 152, 157, 158, 160], "excluded_lines": []}, "FeatureGroup.add_feature": {"executed_lines": [164, 169], "summary": {"covered_lines": 2, "num_statements": 3, "percent_covered": 66.66666666666667, "percent_covered_display": "67", "missing_lines": 1, "excluded_lines": 0}, "missing_lines": [165], "excluded_lines": []}, "FeatureGroup.compute_all": {"executed_lines": [173, 174, 175, 176, 177, 179, 183], "summary": {"covered_lines": 7, "num_statements": 10, "percent_covered": 70.0, "percent_covered_display": "70", "missing_lines": 3, "excluded_lines": 0}, "missing_lines": [180, 181, 182], "excluded_lines": []}, "FeatureStore.__init__": {"executed_lines": [192, 193, 194, 196, 197, 202, 203], "summary": {"covered_lines": 7, "num_statements": 9, "percent_covered": 77.77777777777777, "percent_covered_display": "78", "missing_lines": 2, "excluded_lines": 0}, "missing_lines": [199, 200], "excluded_lines": []}, "FeatureStore.register_feature_group": {"executed_lines": [207, 211, 212, 213], "summary": {"covered_lines": 4, "num_statements": 6, "percent_covered": 66.66666666666667, "percent_covered_display": "67", "missing_lines": 2, "excluded_lines": 0}, "missing_lines": [208, 209], "excluded_lines": []}, "FeatureStore.ingest_data": {"executed_lines": [217, 218, 221, 222, 223, 226, 227, 228, 232, 233, 234, 236, 238], "summary": {"covered_lines": 13, "num_statements": 14, "percent_covered": 92.85714285714286, "percent_covered_display": "93", "missing_lines": 1, "excluded_lines": 0}, "missing_lines": [219], "excluded_lines": []}, "FeatureStore.get_online_features": {"executed_lines": [246, 250, 251], "summary": {"covered_lines": 3, "num_statements": 5, "percent_covered": 60.0, "percent_covered_display": "60", "missing_lines": 2, "excluded_lines": 0}, "missing_lines": [247, 248], "excluded_lines": []}, "FeatureStore.get_historical_features": {"executed_lines": [255, 256, 257, 259, 260, 264], "summary": {"covered_lines": 6, "num_statements": 9, "percent_covered": 66.66666666666667, "percent_covered_display": "67", "missing_lines": 3, "excluded_lines": 0}, "missing_lines": [265, 266, 267], "excluded_lines": []}, "FeatureStore.ingest_features": {"executed_lines": [], "summary": {"covered_lines": 0, "num_statements": 7, "percent_covered": 0.0, "percent_covered_display": "0", "missing_lines": 7, "excluded_lines": 0}, "missing_lines": [274, 275, 276, 277, 278, 280, 282], "excluded_lines": []}, "FeatureStore.get_offline_features": {"executed_lines": [], "summary": {"covered_lines": 0, "num_statements": 5, "percent_covered": 0.0, "percent_covered_display": "0", "missing_lines": 5, "excluded_lines": 0}, "missing_lines": [289, 290, 291, 292, 294], "excluded_lines": []}, "FeatureStore.list_features": {"executed_lines": [], "summary": {"covered_lines": 0, "num_statements": 5, "percent_covered": 0.0, "percent_covered_display": "0", "missing_lines": 5, "excluded_lines": 0}, "missing_lines": [298, 299, 300, 301, 302], "excluded_lines": []}, "FeatureStore.get_feature_metadata": {"executed_lines": [], "summary": {"covered_lines": 0, "num_statements": 4, "percent_covered": 0.0, "percent_covered_display": "0", "missing_lines": 4, "excluded_lines": 0}, "missing_lines": [306, 307, 308, 309], "excluded_lines": []}, "FeatureStore.deprecate_feature": {"executed_lines": [], "summary": {"covered_lines": 0, "num_statements": 7, "percent_covered": 0.0, "percent_covered_display": "0", "missing_lines": 7, "excluded_lines": 0}, "missing_lines": [313, 314, 315, 316, 317, 318, 319], "excluded_lines": []}, "FeatureStore.create_flask_app": {"executed_lines": [323, 326, 328, 329, 335, 336, 349], "summary": {"covered_lines": 7, "num_statements": 8, "percent_covered": 87.5, "percent_covered_display": "88", "missing_lines": 1, "excluded_lines": 0}, "missing_lines": [324], "excluded_lines": []}, "FeatureStore.create_flask_app.get_features": {"executed_lines": [330, 331, 332, 333], "summary": {"covered_lines": 4, "num_statements": 4, "percent_covered": 100.0, "percent_covered_display": "100", "missing_lines": 0, "excluded_lines": 0}, "missing_lines": [], "excluded_lines": []}, "FeatureStore.create_flask_app.ingest": {"executed_lines": [337, 338, 341, 342, 343, 344, 345], "summary": {"covered_lines": 7, "num_statements": 10, "percent_covered": 70.0, "percent_covered_display": "70", "missing_lines": 3, "excluded_lines": 0}, "missing_lines": [339, 346, 347], "excluded_lines": []}, "example_usage": {"executed_lines": [], "summary": {"covered_lines": 0, "num_statements": 23, "percent_covered": 0.0, "percent_covered_display": "0", "missing_lines": 23, "excluded_lines": 0}, "missing_lines": [355, 358, 365, 368, 378, 379, 380, 383, 384, 388, 389, 390, 393, 394, 395, 398, 399, 400, 401, 402, 405, 406, 407], "excluded_lines": []}, "": {"executed_lines": [2, 12, 13, 14, 15, 16, 17, 18, 19, 20, 21, 24, 25, 29, 30, 35, 36, 37, 38, 39, 40, 41, 42, 45, 46, 47, 48, 49, 50, 53, 54, 55, 56, 57, 58, 59, 60, 61, 62, 63, 64, 65, 66, 67, 70, 71, 72, 73, 74, 75, 76, 77, 80, 81, 82, 83, 84, 85, 86, 87, 90, 91, 95, 105, 119, 135, 136, 140, 162, 171, 186, 187, 191, 205, 215, 244, 253, 269, 284, 296, 304, 311, 321, 352, 411], "summary": {"covered_lines": 76, "num_statements": 81, "percent_covered": 93.82716049382717, "percent_covered_display": "94", "missing_lines": 5, "excluded_lines": 0}, "missing_lines": [26, 27, 31, 32, 412], "excluded_lines": []}}, "classes": {"FeatureType": {"executed_lines": [], "summary": {"covered_lines": 0, "num_statements": 0, "percent_covered": 100.0, "percent_covered_display": "100", "missing_lines": 0, "excluded_lines": 0}, "missing_lines": [], "excluded_lines": []}, "FeatureStatus": {"executed_lines": [], "summary": {"covered_lines": 0, "num_statements": 0, "percent_covered": 100.0, "percent_covered_display": "100", "missing_lines": 0, "excluded_lines": 0}, "missing_lines": [], "excluded_lines": []}, "FeatureMetadata": {"executed_lines": [], "summary": {"covered_lines": 0, "num_statements": 0, "percent_covered": 100.0, "percent_covered_display": "100", "missing_lines": 0, "excluded_lines": 0}, "missing_lines": [], "excluded_lines": []}, "FeatureTransformation": {"executed_lines": [], "summary": {"covered_lines": 0, "num_statements": 0, "percent_covered": 100.0, "percent_covered_display": "100", "missing_lines": 0, "excluded_lines": 0}, "missing_lines": [], "excluded_lines": []}, "FeatureValidation": {"executed_lines": [], "summary": {"covered_lines": 0, "num_statements": 0, "percent_covered": 100.0, "percent_covered_display": "100", "missing_lines": 0, "excluded_lines": 0}, "missing_lines": [], "excluded_lines": []}, "Feature": {"executed_lines": [101, 102, 103, 109, 110, 112, 114, 115, 117, 121, 124, 125, 126, 127, 129, 132], "summary": {"covered_lines": 16, "num_statements": 19, "percent_covered": 84.21052631578948, "percent_covered_display": "84", "missing_lines": 3, "excluded_lines": 0}, "missing_lines": [122, 128, 130], "excluded_lines": []}, "FeatureGroup": {"executed_lines": [141, 142, 143, 144, 145, 148, 164, 169, 173, 174, 175, 176, 177, 179, 183], "summary": {"covered_lines": 15, "num_statements": 25, "percent_covered": 60.0, "percent_covered_display": "60", "missing_lines": 10, "excluded_lines": 0}, "missing_lines": [149, 150, 152, 157, 158, 160, 165, 180, 181, 182], "excluded_lines": []}, "FeatureStore": {"executed_lines": [192, 193, 194, 196, 197, 202, 203, 207, 211, 212, 213, 217, 218, 221, 222, 223, 226, 227, 228, 232, 233, 234, 236, 238, 246, 250, 251, 255, 256, 257, 259, 260, 264, 323, 326, 328, 329, 330, 331, 332, 333, 335, 336, 337, 338, 341, 342, 343, 344, 345, 349], "summary": {"covered_lines": 51, "num_statements": 93, "percent_covered": 54.83870967741935, "percent_covered_display": "55", "missing_lines": 42, "excluded_lines": 0}, "missing_lines": [199, 200, 208, 209, 219, 247, 248, 265, 266, 267, 274, 275, 276, 277, 278, 280, 282, 289, 290, 291, 292, 294, 298, 299, 300, 301, 302, 306, 307, 308, 309, 313, 314, 315, 316, 317, 318, 319, 324, 339, 346, 347], "excluded_lines": []}, "": {"executed_lines": [2, 12, 13, 14, 15, 16, 17, 18, 19, 20, 21, 24, 25, 29, 30, 35, 36, 37, 38, 39, 40, 41, 42, 45, 46, 47, 48, 49, 50, 53, 54, 55, 56, 57, 58, 59, 60, 61, 62, 63, 64, 65, 66, 67, 70, 71, 72, 73, 74, 75, 76, 77, 80, 81, 82, 83, 84, 85, 86, 87, 90, 91, 95, 105, 119, 135, 136, 140, 162, 171, 186, 187, 191, 205, 215, 244, 253, 269, 284, 296, 304, 311, 321, 352, 411], "summary": {"covered_lines": 76, "num_statements": 104, "percent_covered": 73.07692307692308, "percent_covered_display": "73", "missing_lines": 28, "excluded_lines": 0}, "missing_lines": [26, 27, 31, 32, 355, 358, 365, 368, 378, 379, 380, 383, 384, 388, 389, 390, 393, 394, 395, 398, 399, 400, 401, 402, 405, 406, 407, 412], "excluded_lines": []}}}, "src/real_world_examples.py": {"executed_lines": [], "summary": {"covered_lines": 0, "num_statements": 125, "percent_covered": 0.0, "percent_covered_display": "0", "missing_lines": 125, "excluded_lines": 0}, "missing_lines": [10, 11, 12, 13, 14, 15, 18, 24, 25, 35, 38, 41, 42, 44, 47, 48, 49, 52, 53, 55, 56, 59, 65, 68, 71, 87, 89, 90, 100, 103, 106, 111, 112, 115, 116, 117, 120, 121, 124, 125, 128, 135, 150, 152, 153, 169, 172, 173, 176, 183, 189, 190, 193, 203, 206, 212, 213, 223, 226, 227, 230, 231, 234, 241, 248, 252, 255, 256, 257, 259, 265, 268, 282, 285, 289, 290, 291, 292, 295, 296, 297, 299, 301, 302, 303, 304, 306, 307, 309, 310, 311, 312, 314, 315, 316, 317, 320, 321, 322, 324, 326, 327, 328, 329, 331, 332, 334, 335, 336, 339, 340, 341, 343, 344, 346, 347, 348, 349, 351, 352, 353, 354, 355, 358, 359], "excluded_lines": [], "functions": {"EcommerceFeatureGenerator.generate_customer_features": {"executed_lines": [], "summary": {"covered_lines": 0, "num_statements": 17, "percent_covered": 0.0, "percent_covered_display": "0", "missing_lines": 17, "excluded_lines": 0}, "missing_lines": [35, 38, 41, 42, 44, 47, 48, 49, 52, 53, 55, 56, 59, 65, 68, 71, 87], "excluded_lines": []}, "EcommerceFeatureGenerator.generate_product_features": {"executed_lines": [], "summary": {"covered_lines": 0, "num_statements": 15, "percent_covered": 0.0, "percent_covered_display": "0", "missing_lines": 15, "excluded_lines": 0}, "missing_lines": [100, 103, 106, 111, 112, 115, 116, 117, 120, 121, 124, 125, 128, 135, 150], "excluded_lines": []}, "EcommerceFeatureGenerator.generate_interaction_features": {"executed_lines": [], "summary": {"covered_lines": 0, "num_statements": 9, "percent_covered": 0.0, "percent_covered_display": "0", "missing_lines": 9, "excluded_lines": 0}, "missing_lines": [169, 172, 173, 176, 183, 189, 190, 193, 203], "excluded_lines": []}, "FinancialFeatureGenerator.generate_transaction_features": {"executed_lines": [], "summary": {"covered_lines": 0, "num_statements": 16, "percent_covered": 0.0, "percent_covered_display": "0", "missing_lines": 16, "excluded_lines": 0}, "missing_lines": [223, 226, 227, 230, 231, 234, 241, 248, 252, 255, 256, 257, 259, 265, 268, 282], "excluded_lines": []}, "demonstrate_feature_engineering": {"executed_lines": [], "summary": {"covered_lines": 0, "num_statements": 49, "percent_covered": 0.0, "percent_covered_display": "0", "missing_lines": 49, "excluded_lines": 0}, "missing_lines": [289, 290, 291, 292, 295, 296, 297, 299, 301, 302, 303, 304, 306, 307, 309, 310, 311, 312, 314, 315, 316, 317, 320, 321, 322, 324, 326, 327, 328, 329, 331, 332, 334, 335, 336, 339, 340, 341, 343, 344, 346, 347, 348, 349, 351, 352, 353, 354, 355], "excluded_lines": []}, "": {"executed_lines": [], "summary": {"covered_lines": 0, "num_statements": 19, "percent_covered": 0.0, "percent_covered_display": "0", "missing_lines": 19, "excluded_lines": 0}, "missing_lines": [10, 11, 12, 13, 14, 15, 18, 24, 25, 89, 90, 152, 153, 206, 212, 213, 285, 358, 359], "excluded_lines": []}}, "classes": {"EcommerceFeatureGenerator": {"executed_lines": [], "summary": {"covered_lines": 0, "num_statements": 41, "percent_covered": 0.0, "percent_covered_display": "0", "missing_lines": 41, "excluded_lines": 0}, "missing_lines": [35, 38, 41, 42, 44, 47, 48, 49, 52, 53, 55, 56, 59, 65, 68, 71, 87, 100, 103, 106, 111, 112, 115, 116, 117, 120, 121, 124, 125, 128, 135, 150, 169, 172, 173, 176, 183, 189, 190, 193, 203], "excluded_lines": []}, "FinancialFeatureGenerator": {"executed_lines": [], "summary": {"covered_lines": 0, "num_statements": 16, "percent_covered": 0.0, "percent_covered_display": "0", "missing_lines": 16, "excluded_lines": 0}, "missing_lines": [223, 226, 227, 230, 231, 234, 241, 248, 252, 255, 256, 257, 259, 265, 268, 282], "excluded_lines": []}, "": {"executed_lines": [], "summary": {"covered_lines": 0, "num_statements": 68, "percent_covered": 0.0, "percent_covered_display": "0", "missing_lines": 68, "excluded_lines": 0}, "missing_lines": [10, 11, 12, 13, 14, 15, 18, 24, 25, 89, 90, 152, 153, 206, 212, 213, 285, 289, 290, 291, 292, 295, 296, 297, 299, 301, 302, 303, 304, 306, 307, 309, 310, 311, 312, 314, 315, 316, 317, 320, 321, 322, 324, 326, 327, 328, 329, 331, 332, 334, 335, 336, 339, 340, 341, 343, 344, 346, 347, 348, 349, 351, 352, 353, 354, 355, 358, 359], "excluded_lines": []}}}}, "totals": {"covered_lines": 158, "num_statements": 443, "percent_covered": 35.66591422121896, "percent_covered_display": "36", "missing_lines": 285, "excluded_lines": 0}}